This is LuaTeX, Version 1.12.0 (MiKTeX 2.9.7300 64-bit)  (format=luatex 2020.2.24)  24 FEB 2020 18:45
 restricted system commands enabled.
**bath-bst.dtx
(./bath-bst.dtx
("C:/Users/other/AppData/Local/Programs/MiKTeX 2.9/tex/latex/base/docstrip.tex"
\blockLevel=\count27
\emptyLines=\count28
\processedLines=\count29
\commentsRemoved=\count30
\commentsPassed=\count31
\codeLinesPassed=\count32
\TotalprocessedLines=\count33
\TotalcommentsRemoved=\count34
\TotalcommentsPassed=\count35
\TotalcodeLinesPassed=\count36
\NumberOfFiles=\count37
\inFile=\read1
\inputcheck=\read2
\@tempcnta=\count38
\off@0=\count39
\off@1=\count40
\off@2=\count41
\off@3=\count42
\off@4=\count43
\off@5=\count44
\off@6=\count45
\off@7=\count46
\off@8=\count47
\off@9=\count48
\off@10=\count49
\off@11=\count50
\off@12=\count51
\off@13=\count52
\off@14=\count53
\off@15=\count54
\@temptokena=\toks13
\@maxfiles=\count55
\@maxoutfiles=\count56
Utility: `docstrip' 2.5g <2018/05/03>
English documentation    <2018/05/03>

**********************************************************
* This program converts documented macro-files into fast *
* loadable files by stripping off (nearly) all comments! *
**********************************************************

********************************************************
* No Configuration file found, using default settings. *
********************************************************

)

Generating file(s) README.md bath-bst.bib 

\openout0 = README.md

\openout1 = bath-bst.bib

Processing file bath-bst.dtx (readme) -> README.md
                             (bib) -> bath-bst.bib
Lines  processed: 6073
Comments removed: 803
Comments  passed: 0
Codelines passed: 4688


Generating file(s) bath.bst bathx.bst 

\openout0 = bath.bst

\openout1 = bathx.bst

Processing file bath-bst.dtx (bst1) -> bath.bst
                             (bst2) -> bathx.bst
Lines  processed: 6073
Comments removed: 803
Comments  passed: 0
Codelines passed: 4688


Generating file(s) bath-bst.ins 

\openout0 = bath-bst.ins

Processing file bath-bst.dtx (install) -> bath-bst.ins
Lines  processed: 6073
Comments removed: 803
Comments  passed: 0
Codelines passed: 4688


Generating file(s) bath-bst-v1.tex 

\openout0 = bath-bst-v1.tex

Processing file bath-bst.dtx (tex1) -> bath-bst-v1.tex
Lines  processed: 6073
Comments removed: 803
Comments  passed: 0
Codelines passed: 4688


Generating file(s) bath-bst.bib bath-bst-v1.bib 

\openout0 = bath-bst.bib

\openout1 = bath-bst-v1.bib

Processing file bath-bst.dtx (bib) -> bath-bst.bib
                             (bib1) -> bath-bst-v1.bib
Lines  processed: 6073
Comments removed: 803
Comments  passed: 0
Codelines passed: 4688

Overall statistics:
Files  processed: 5
Lines  processed: 30365
Comments removed: 4015
Comments  passed: 0
Codelines passed: 23440
)
warning  (pdf backend): no pages of output.

PDF statistics: 0 PDF objects out of 1000 (max. 8388607)
 0 named destinations out of 1000 (max. 131072)
 1 words of extra memory for PDF output out of 10000 (max. 100000000)

